


materialPath: C:\Program Files (x86)\Steam\steamapps\common\GarrysMod\garrysmod\materials
Loading c:\users\mati\desktop\vmfs\astray.vmf
ConVarRef mat_reduceparticles doesn't point to an existing ConVar
Could not locate 'GameData' key in c:\program files (x86)\steam\steamapps\common\garrysmod\garrysmod\gameinfo.txt
Patching WVT material: maps/astray/nature/blendcliffgrass001a_wvt_patch
fixing up env_cubemap materials on brush sides...
0...1...2...3...4...5...6...7...8...9...100...1...2...3...4...5...6...7...8...9...10Processing areas...done (0)
Building Faces...done (0)
FixTjuncs...
PruneNodes...
WriteBSP...
done (0)
writing c:\users\mati\desktop\vmfs\astray.prt...Building visibility clusters...
done (0)
Creating default LDR cubemaps for env_cubemap using skybox materials:
   skybox/sky_day01_06*.vmt
 ! Run buildcubemaps in the engine to get the correct cube maps.
Creating default HDR cubemaps for env_cubemap using skybox materials:
   skybox/sky_day01_06*.vmt
 ! Run buildcubemaps in the engine to get the correct cube maps.
Finding displacement neighbors...
Finding lightmap sample positions...
Displacement Alpha : 0...1...2...3...4...5...6...7...8...9...10
Building Physics collision data...
done (0) (106949 bytes)
Placing detail props : 0...1...2...3...4...5...6...7...8...9...10
Compacting texture/material tables...
Reduced 192 texinfos to 149
Reduced 11 texdatas to 10 (268 bytes to 241)
Writing c:\users\mati\desktop\vmfs\astray.bsp
0 seconds elapsed



6 threads
reading c:\users\mati\desktop\vmfs\astray.bsp
reading c:\users\mati\desktop\vmfs\astray.prt
1062 portalclusters
2906 numportals
0...1...2...3...4...5...6...7...8...9...100...1...2...3...4...5...6...7...8...9...10Optimized: 2769 visible clusters (0.45%)
Total clusters visible: 609862
Average clusters visible: 574
Building PAS...
Average clusters audible: 1012
visdatasize:271916  compressed from 288864
writing c:\users\mati\desktop\vmfs\astray.bsp
3 minutes, 23 seconds elapsed
